<?xml version="1.0" encoding="UTF-8"?>
<!-- Generated by org.testng.reporters.JUnitReportReporter -->
<testsuite hostname="Les-MacBook-Pro" failures="0" tests="1" name="Capture.Screenshot" time="8.253" errors="0" timestamp="2021-05-15T09:19:42 ICT" skipped="0">
  <testcase classname="Capture.Screenshot" name="testScreenShot" time="8.253"/>
  <system-out/>
</testsuite> <!-- Capture.Screenshot -->
