<?xml version="1.0" encoding="UTF-8"?>
<!-- Generated by org.testng.reporters.JUnitReportReporter -->
<testsuite hostname="Les-MacBook-Pro" failures="0" tests="1" name="Capture.Screenshot" time="5.467" errors="0" timestamp="2021-04-19T09:54:07 ICT" skipped="0">
  <testcase classname="Capture.Screenshot" name="testScreenShot" time="5.467"/>
  <system-out/>
</testsuite> <!-- Capture.Screenshot -->
