<?xml version="1.0" encoding="UTF-8"?>
<!-- Generated by org.testng.reporters.JUnitReportReporter -->
<testsuite hostname="Les-MacBook-Pro" failures="0" tests="1" name="xxminhmie.DoAn.FakerWithLocale_Regex_Demo" time="0.324" errors="0" timestamp="2021-04-18T12:02:30 ICT" skipped="0">
  <testcase classname="xxminhmie.DoAn.FakerWithLocale_Regex_Demo" name="givenJavaFakersWithDifferentLocals_checkZipCodesMatchRegex" time="0.324"/>
  <system-out/>
</testsuite> <!-- xxminhmie.DoAn.FakerWithLocale_Regex_Demo -->
